This is pdfTeXk, Version 3.141592-1.40.3 (Web2C 7.5.6) (format=latex 2007.3.5)  13 AUG 2008 10:08
entering extended mode
 %&-line parsing enabled.
**manual.tex
(./manual.tex
LaTeX2e <2005/12/01>
Babel <v3.8h> and hyphenation patterns for english, usenglishmax, dumylang, noh
yphenation, arabic, basque, bulgarian, coptic, welsh, czech, slovak, german, ng
erman, danish, esperanto, spanish, catalan, galician, estonian, farsi, finnish,
 french, greek, monogreek, ancientgreek, croatian, hungarian, interlingua, ibyc
us, indonesian, icelandic, italian, latin, mongolian, dutch, norsk, polish, por
tuguese, pinyin, romanian, russian, slovenian, uppersorbian, serbian, swedish, 
turkish, ukenglish, ukrainian, loaded.
(/hg/s/linux/9/app/teTeX/02.07/texmf-dist/tex/latex/base/book.cls
Document Class: book 2005/09/16 v1.4f Standard LaTeX document class
(/hg/s/linux/9/app/teTeX/02.07/texmf-dist/tex/latex/base/bk10.clo
File: bk10.clo 2005/09/16 v1.4f Standard LaTeX file (size option)
)
\c@part=\count79
\c@chapter=\count80
\c@section=\count81
\c@subsection=\count82
\c@subsubsection=\count83
\c@paragraph=\count84
\c@subparagraph=\count85
\c@figure=\count86
\c@table=\count87
\abovecaptionskip=\skip41
\belowcaptionskip=\skip42
\bibindent=\dimen102
)
(/hg/s/linux/9/app/teTeX/02.07/texmf-dist/tex/latex/amsfonts/amssymb.sty
Package: amssymb 2002/01/22 v2.2d

(/hg/s/linux/9/app/teTeX/02.07/texmf-dist/tex/latex/amsfonts/amsfonts.sty
Package: amsfonts 2001/10/25 v2.2f
\@emptytoks=\toks14
\symAMSa=\mathgroup4
\symAMSb=\mathgroup5
LaTeX Font Info:    Overwriting math alphabet `\mathfrak' in version `bold'
(Font)                  U/euf/m/n --> U/euf/b/n on input line 132.
))
(/hg/s/linux/9/app/teTeX/02.07/texmf-dist/tex/latex/amsmath/amsmath.sty
Package: amsmath 2000/07/18 v2.13 AMS math features
\@mathmargin=\skip43

For additional information on amsmath, use the `?' option.
(/hg/s/linux/9/app/teTeX/02.07/texmf-dist/tex/latex/amsmath/amstext.sty
Package: amstext 2000/06/29 v2.01

(/hg/s/linux/9/app/teTeX/02.07/texmf-dist/tex/latex/amsmath/amsgen.sty
File: amsgen.sty 1999/11/30 v2.0
\@emptytoks=\toks15
\ex@=\dimen103
))
(/hg/s/linux/9/app/teTeX/02.07/texmf-dist/tex/latex/amsmath/amsbsy.sty
Package: amsbsy 1999/11/29 v1.2d
\pmbraise@=\dimen104
)
(/hg/s/linux/9/app/teTeX/02.07/texmf-dist/tex/latex/amsmath/amsopn.sty
Package: amsopn 1999/12/14 v2.01 operator names
)
\inf@bad=\count88
LaTeX Info: Redefining \frac on input line 211.
\uproot@=\count89
\leftroot@=\count90
LaTeX Info: Redefining \overline on input line 307.
\classnum@=\count91
\DOTSCASE@=\count92
LaTeX Info: Redefining \ldots on input line 379.
LaTeX Info: Redefining \dots on input line 382.
LaTeX Info: Redefining \cdots on input line 467.
\Mathstrutbox@=\box26
\strutbox@=\box27
\big@size=\dimen105
LaTeX Font Info:    Redeclaring font encoding OML on input line 567.
LaTeX Font Info:    Redeclaring font encoding OMS on input line 568.
\macc@depth=\count93
\c@MaxMatrixCols=\count94
\dotsspace@=\muskip10
\c@parentequation=\count95
\dspbrk@lvl=\count96
\tag@help=\toks16
\row@=\count97
\column@=\count98
\maxfields@=\count99
\andhelp@=\toks17
\eqnshift@=\dimen106
\alignsep@=\dimen107
\tagshift@=\dimen108
\tagwidth@=\dimen109
\totwidth@=\dimen110
\lineht@=\dimen111
\@envbody=\toks18
\multlinegap=\skip44
\multlinetaggap=\skip45
\mathdisplay@stack=\toks19
LaTeX Info: Redefining \[ on input line 2666.
LaTeX Info: Redefining \] on input line 2667.
)
(/hg/s/linux/9/app/teTeX/02.07/texmf-dist/tex/latex/units/nicefrac.sty
Package: nicefrac 1998/08/04 v0.9b Nice fractions
\L@UnitsRaiseDisplaystyle=\skip46
\L@UnitsRaiseTextstyle=\skip47
\L@UnitsRaiseScriptstyle=\skip48

(/hg/s/linux/9/app/teTeX/02.07/texmf-dist/tex/latex/base/ifthen.sty
Package: ifthen 2001/05/26 v1.1c Standard LaTeX ifthen package (DPC)
))
(/hg/s/linux/9/app/teTeX/02.07/texmf-dist/tex/latex/graphics/graphics.sty
Package: graphics 2006/02/20 v1.0o Standard LaTeX Graphics (DPC,SPQR)

(/hg/s/linux/9/app/teTeX/02.07/texmf-dist/tex/latex/graphics/trig.sty
Package: trig 1999/03/16 v1.09 sin cos tan (DPC)
)
(/hg/s/linux/9/app/teTeX/02.07/texmf/tex/latex/config/graphics.cfg
File: graphics.cfg 2007/01/18 v1.5 graphics configuration of teTeX/TeXLive
)
Package graphics Info: Driver file: dvips.def on input line 90.

(/hg/s/linux/9/app/teTeX/02.07/texmf-dist/tex/latex/graphics/dvips.def
File: dvips.def 1999/02/16 v3.0i Driver-dependant file (DPC,SPQR)
))
(/hg/s/linux/9/app/teTeX/02.07/texmf-dist/tex/latex/graphics/epsfig.sty
Package: epsfig 1999/02/16 v1.7a (e)psfig emulation (SPQR)

(/hg/s/linux/9/app/teTeX/02.07/texmf-dist/tex/latex/graphics/graphicx.sty
Package: graphicx 1999/02/16 v1.0f Enhanced LaTeX Graphics (DPC,SPQR)

(/hg/s/linux/9/app/teTeX/02.07/texmf-dist/tex/latex/graphics/keyval.sty
Package: keyval 1999/03/16 v1.13 key=value parser (DPC)
\KV@toks@=\toks20
)
\Gin@req@height=\dimen112
\Gin@req@width=\dimen113
)
\epsfxsize=\dimen114
\epsfysize=\dimen115
)
(./manual.aux)
\openout1 = `manual.aux'.

LaTeX Font Info:    Checking defaults for OML/cmm/m/it on input line 28.
LaTeX Font Info:    ... okay on input line 28.
LaTeX Font Info:    Checking defaults for T1/cmr/m/n on input line 28.
LaTeX Font Info:    ... okay on input line 28.
LaTeX Font Info:    Checking defaults for OT1/cmr/m/n on input line 28.
LaTeX Font Info:    ... okay on input line 28.
LaTeX Font Info:    Checking defaults for OMS/cmsy/m/n on input line 28.
LaTeX Font Info:    ... okay on input line 28.
LaTeX Font Info:    Checking defaults for OMX/cmex/m/n on input line 28.
LaTeX Font Info:    ... okay on input line 28.
LaTeX Font Info:    Checking defaults for U/cmr/m/n on input line 28.
LaTeX Font Info:    ... okay on input line 28.
LaTeX Font Info:    Try loading font information for U+msa on input line 31.

(/hg/s/linux/9/app/teTeX/02.07/texmf-dist/tex/latex/amsfonts/umsa.fd
File: umsa.fd 2002/01/19 v2.2g AMS font definitions
)
LaTeX Font Info:    Try loading font information for U+msb on input line 31.

(/hg/s/linux/9/app/teTeX/02.07/texmf-dist/tex/latex/amsfonts/umsb.fd
File: umsb.fd 2002/01/19 v2.2g AMS font definitions
) [1


]
(./manual.toc)
\tf@toc=\write3
\openout3 = `manual.toc'.

 (./intro.tex [1

]
Chapter 1.
) (./mesh_gen.tex [2

]
Chapter 2.

Overfull \hbox (0.844pt too wide) in paragraph at lines 26--26
[]\OT1/cmtt/m/n/10 Coordinates| 
 []


Underfull \hbox (badness 10000) in paragraph at lines 33--36

 []


Underfull \hbox (badness 10000) in paragraph at lines 37--38

 []


Overfull \hbox (0.844pt too wide) in paragraph at lines 44--44
[]\OT1/cmtt/m/n/10 Coordinates| 
 []


Underfull \hbox (badness 10000) in paragraph at lines 55--57

 []

[3

]
Underfull \hbox (badness 10000) in paragraph at lines 58--59

 []


Underfull \hbox (badness 10000) in paragraph at lines 62--65

 []


Underfull \hbox (badness 10000) in paragraph at lines 66--67

 []


Overfull \hbox (0.844pt too wide) in paragraph at lines 74--74
[]\OT1/cmtt/m/n/10 Coordinates| 
 []


Underfull \hbox (badness 10000) in paragraph at lines 89--92

 []


Underfull \hbox (badness 10000) in paragraph at lines 93--94

 []


Overfull \hbox (0.844pt too wide) in paragraph at lines 99--99
[]\OT1/cmtt/m/n/10 Coordinates| 
 []


Overfull \hbox (0.844pt too wide) in paragraph at lines 101--101
[]\OT1/cmtt/m/n/10 AdjElements| 
 []


Overfull \hbox (6.09395pt too wide) in paragraph at lines 103--103
[]\OT1/cmtt/m/n/10 nAdjElements| 
 []

[4]
Underfull \hbox (badness 10000) in paragraph at lines 138--140

 []


Underfull \hbox (badness 10000) in paragraph at lines 141--143

 []


Overfull \hbox (5.5272pt too wide) in paragraph at lines 148--163
[][] 
 []

File: mesh.eps Graphic file (type eps)
<mesh.eps>
Underfull \hbox (badness 10000) in paragraph at lines 181--184

 []

[5]
Underfull \hbox (badness 10000) in paragraph at lines 185--187

 []

[6]
File: qual.eps Graphic file (type eps)
 <qual.eps>
File: usr.eps Graphic file (type eps)
 <usr.eps> [7]
File: REG_org.eps Graphic file (type eps)
 <REG_org.eps>
File: REG_ref.eps Graphic file (type eps)
 <REG_ref.eps>
Overfull \hbox (0.844pt too wide) in paragraph at lines 251--251
[]\OT1/cmtt/m/n/10 Coordinates| 
 []


Underfull \hbox (badness 10000) in paragraph at lines 266--268

 []


Underfull \hbox (badness 10000) in paragraph at lines 269--270

 []


Underfull \hbox (badness 10000) in paragraph at lines 271--273

 []

[8]
Underfull \hbox (badness 10000) in paragraph at lines 274--275

 []


Underfull \hbox (badness 10000) in paragraph at lines 305--307

 []


Underfull \hbox (badness 10000) in paragraph at lines 308--309

 []

[9]
File: LEB_org.eps Graphic file (type eps)
 <LEB_org.eps>
File: LEB_ref.eps Graphic file (type eps)
 <LEB_ref.eps>
Underfull \hbox (badness 10000) in paragraph at lines 347--353

 []


Underfull \hbox (badness 10000) in paragraph at lines 354--355

 []


Overfull \hbox (3.1104pt too wide) in paragraph at lines 356--359
\OT1/cmr/m/n/10 which ini-tial-izes the struct \OT1/cmtt/m/n/10 Mesh\OT1/cmr/m/
n/10 , that con-tains the fields \OT1/cmtt/m/n/10 Coordinates\OT1/cmr/m/n/10 , 
\OT1/cmtt/m/n/10 Elements\OT1/cmr/m/n/10 ,
 []


Overfull \hbox (0.844pt too wide) in paragraph at lines 362--362
[]\OT1/cmtt/m/n/10 Coordinates| 
 []


Underfull \hbox (badness 10000) in paragraph at lines 377--379

 []


Underfull \hbox (badness 10000) in paragraph at lines 380--381

 []

[10]
Underfull \hbox (badness 10000) in paragraph at lines 388--391

 []


Underfull \hbox (badness 10000) in paragraph at lines 392--395

 []


Underfull \hbox (badness 10000) in paragraph at lines 398--401

 []


Underfull \hbox (badness 10000) in paragraph at lines 402--403

 []

) (./hp_FEM.tex [11]
Chapter 3.
) (./manual.bbl [12

]) [13

] (./manual.aux) ) 
Here is how much of TeX's memory you used:
 1660 strings out of 94074
 19619 string characters out of 1161481
 70795 words of memory out of 1500000
 4912 multiletter control sequences out of 10000+50000
 20670 words of font info for 79 fonts, out of 1200000 for 2000
 645 hyphenation exceptions out of 8191
 30i,12n,24p,223b,305s stack positions out of 5000i,500n,6000p,200000b,5000s

Output written on manual.dvi (14 pages, 32076 bytes).
