This is e-TeXk, Version 3.141592-2.1 (Web2C 7.5.2) (format=latex 2003.11.3)  3 JUN 2005 08:22
entering extended mode
 %&-line parsing enabled.
 (/scratch/local/app/teTeX/10.03/texmf/web2c/cp8bit.tcx)
**manual.
(/scratch/local/app/teTeX/10.03/texmf/tex/latex/tools/x.tex
LaTeX2e <2001/06/01>
Babel <v3.7j> and hyphenation patterns for english, dumylang, nohyphenation, ba
sque, czech, slovak, german, ngerman, danish, spanish, catalan, finnish, french
, ukenglish, greek, croatian, hungarian, italian, latin, mongolian, dutch, norw
egian, polish, portuguese, russian, ukrainian, serbocroat, swedish, loaded.

 ) 
Here is how much of TeX's memory you used:
 7 strings out of 95104
 182 string characters out of 1183014
 47612 words of memory out of 1500001
 3164 multiletter control sequences out of 10000+50000
 3640 words of font info for 14 fonts, out of 1000000 for 2000
 458 hyphenation exceptions out of 1000
 5i,0n,1p,87b,8s stack positions out of 5000i,500n,6000p,200000b,40000s

No pages of output.
